

Started GET "/" for ::1 at 2015-10-22 13:41:06 -0500
Processing by Rails::WelcomeController#index as HTML
  Rendered C:/RailsInstaller/Ruby2.0.0/lib/ruby/gems/2.0.0/gems/railties-4.2.2/lib/rails/templates/rails/welcome/index.html.erb (36.0ms)
Completed 200 OK in 269ms (Views: 213.0ms | ActiveRecord: 0.0ms)


Started GET "/" for ::1 at 2015-10-22 16:54:56 -0500
Processing by Rails::WelcomeController#index as HTML
  Rendered C:/RailsInstaller/Ruby2.0.0/lib/ruby/gems/2.0.0/gems/railties-4.2.2/lib/rails/templates/rails/welcome/index.html.erb (9.0ms)
Completed 200 OK in 132ms (Views: 107.0ms | ActiveRecord: 0.0ms)


Started GET "/" for ::1 at 2015-10-22 16:56:07 -0500
Processing by Rails::WelcomeController#index as HTML
  Rendered C:/RailsInstaller/Ruby2.0.0/lib/ruby/gems/2.0.0/gems/railties-4.2.2/lib/rails/templates/rails/welcome/index.html.erb (0.0ms)
Completed 200 OK in 7ms (Views: 6.0ms | ActiveRecord: 0.0ms)


Started GET "/" for ::1 at 2015-10-22 16:56:11 -0500
Processing by Rails::WelcomeController#index as HTML
  Rendered C:/RailsInstaller/Ruby2.0.0/lib/ruby/gems/2.0.0/gems/railties-4.2.2/lib/rails/templates/rails/welcome/index.html.erb (1.0ms)
Completed 200 OK in 7ms (Views: 6.0ms | ActiveRecord: 0.0ms)


Started GET "/" for ::1 at 2015-10-22 16:56:39 -0500
Processing by Rails::WelcomeController#index as HTML
  Rendered C:/RailsInstaller/Ruby2.0.0/lib/ruby/gems/2.0.0/gems/railties-4.2.2/lib/rails/templates/rails/welcome/index.html.erb (0.0ms)
Completed 200 OK in 7ms (Views: 6.0ms | ActiveRecord: 0.0ms)


Started GET "/" for ::1 at 2015-10-22 16:56:48 -0500
Processing by Rails::WelcomeController#index as HTML
  Rendered C:/RailsInstaller/Ruby2.0.0/lib/ruby/gems/2.0.0/gems/railties-4.2.2/lib/rails/templates/rails/welcome/index.html.erb (0.0ms)
Completed 200 OK in 7ms (Views: 6.0ms | ActiveRecord: 0.0ms)


Started GET "/" for ::1 at 2015-10-22 16:57:21 -0500
Processing by Rails::WelcomeController#index as HTML
  Rendered C:/RailsInstaller/Ruby2.0.0/lib/ruby/gems/2.0.0/gems/railties-4.2.2/lib/rails/templates/rails/welcome/index.html.erb (9.0ms)
Completed 200 OK in 86ms (Views: 48.0ms | ActiveRecord: 0.0ms)


Started GET "/" for ::1 at 2015-10-22 16:58:04 -0500
Processing by Rails::WelcomeController#index as HTML
  Rendered C:/RailsInstaller/Ruby2.0.0/lib/ruby/gems/2.0.0/gems/railties-4.2.2/lib/rails/templates/rails/welcome/index.html.erb (1.0ms)
Completed 200 OK in 8ms (Views: 7.0ms | ActiveRecord: 0.0ms)


Started GET "/" for ::1 at 2015-10-22 17:11:50 -0500
Processing by Rails::WelcomeController#index as HTML
  Rendered C:/RailsInstaller/Ruby2.0.0/lib/ruby/gems/2.0.0/gems/railties-4.2.2/lib/rails/templates/rails/welcome/index.html.erb (0.0ms)
Completed 200 OK in 12ms (Views: 11.0ms | ActiveRecord: 0.0ms)


Started GET "/" for ::1 at 2015-10-26 13:02:08 -0500
Processing by Rails::WelcomeController#index as HTML
  Rendered C:/RailsInstaller/Ruby2.0.0/lib/ruby/gems/2.0.0/gems/railties-4.2.2/lib/rails/templates/rails/welcome/index.html.erb (47.0ms)
Completed 200 OK in 346ms (Views: 288.0ms | ActiveRecord: 0.0ms)


Started GET "/" for ::1 at 2015-10-26 13:54:46 -0500
Processing by Rails::WelcomeController#index as HTML
  Rendered C:/RailsInstaller/Ruby2.0.0/lib/ruby/gems/2.0.0/gems/railties-4.2.2/lib/rails/templates/rails/welcome/index.html.erb (10.0ms)
Completed 200 OK in 144ms (Views: 102.0ms | ActiveRecord: 0.0ms)
  [1m[36m (537.0ms)[0m  [1mCREATE TABLE "schema_migrations" ("version" character varying NOT NULL) [0m
  [1m[35m (9.0ms)[0m  CREATE UNIQUE INDEX  "unique_schema_migrations" ON "schema_migrations"  ("version")
  [1m[36mActiveRecord::SchemaMigration Load (25.0ms)[0m  [1mSELECT "schema_migrations".* FROM "schema_migrations"[0m
Migrating to CreateUsers (20151026190723)
  [1m[35m (1.0ms)[0m  BEGIN
  [1m[36m (249.0ms)[0m  [1mCREATE TABLE "users" ("id" serial primary key, "name" character varying, "email" character varying, "created_at" timestamp NOT NULL, "updated_at" timestamp NOT NULL) [0m
  [1m[35mSQL (1.0ms)[0m  INSERT INTO "schema_migrations" ("version") VALUES ($1)  [["version", "20151026190723"]]
  [1m[36m (43.0ms)[0m  [1mCOMMIT[0m
  [1m[35mActiveRecord::SchemaMigration Load (1.0ms)[0m  SELECT "schema_migrations".* FROM "schema_migrations"
  [1m[36m (5.0ms)[0m  [1mSELECT t2.oid::regclass::text AS to_table, a1.attname AS column, a2.attname AS primary_key, c.conname AS name, c.confupdtype AS on_update, c.confdeltype AS on_delete
FROM pg_constraint c
JOIN pg_class t1 ON c.conrelid = t1.oid
JOIN pg_class t2 ON c.confrelid = t2.oid
JOIN pg_attribute a1 ON a1.attnum = c.conkey[1] AND a1.attrelid = t1.oid
JOIN pg_attribute a2 ON a2.attnum = c.confkey[1] AND a2.attrelid = t2.oid
JOIN pg_namespace t3 ON c.connamespace = t3.oid
WHERE c.contype = 'f'
  AND t1.relname = 'users'
  AND t3.nspname = ANY (current_schemas(false))
ORDER BY c.conname
[0m


Started GET "/" for ::1 at 2015-11-06 19:15:32 -0500
  [1m[36mActiveRecord::SchemaMigration Load (123.0ms)[0m  [1mSELECT "schema_migrations".* FROM "schema_migrations"[0m
Processing by Rails::WelcomeController#index as HTML
  Rendered C:/RailsInstaller/Ruby2.0.0/lib/ruby/gems/2.0.0/gems/railties-4.2.2/lib/rails/templates/rails/welcome/index.html.erb (9.0ms)
Completed 200 OK in 120ms (Views: 83.0ms | ActiveRecord: 0.0ms)
